Replace Part C20 100 nF, 10 V in C:\Users\cruziv1\Documents\archivos altium\PULSERA_V3\PUL_V3_RA\MCU.SchDoc with 100 nF, 10 V from PULV3.SchLib
Replace Part C21 47pF, 50V in C:\Users\cruziv1\Documents\archivos altium\PULSERA_V3\PUL_V3_RA\MCU.SchDoc with 47pF, 50V from PULV3.SchLib
Replace Part C22 10uF, 10V in C:\Users\cruziv1\Documents\archivos altium\PULSERA_V3\PUL_V3_RA\MCU.SchDoc with 10uF, 10V from PULV3.SchLib
Replace Part C23 100 nF, 10 V in C:\Users\cruziv1\Documents\archivos altium\PULSERA_V3\PUL_V3_RA\MCU.SchDoc with 100 nF, 10 V from PULV3.SchLib
Replace Part C24 100 nF, 10 V in C:\Users\cruziv1\Documents\archivos altium\PULSERA_V3\PUL_V3_RA\MCU.SchDoc with 100 nF, 10 V from PULV3.SchLib
Replace Part CR20 Led_Green_0402 in C:\Users\cruziv1\Documents\archivos altium\PULSERA_V3\PUL_V3_RA\MCU.SchDoc with Led_Green_0402 from PULV3.SchLib
Replace Part CR21 Led_Red_0402 in C:\Users\cruziv1\Documents\archivos altium\PULSERA_V3\PUL_V3_RA\MCU.SchDoc with Led_Red_0402 from PULV3.SchLib
Replace Part J20 ICSP in C:\Users\cruziv1\Documents\archivos altium\PULSERA_V3\PUL_V3_RA\MCU.SchDoc with ICSP from PULV3.SchLib
Replace Part R20 10 KOHM, 63 mW in C:\Users\cruziv1\Documents\archivos altium\PULSERA_V3\PUL_V3_RA\MCU.SchDoc with 10 KOHM, 63 mW from PULV3.SchLib
Replace Part R21 10 KOHM, 63 mW in C:\Users\cruziv1\Documents\archivos altium\PULSERA_V3\PUL_V3_RA\MCU.SchDoc with 10 KOHM, 63 mW from PULV3.SchLib
Replace Part R22 10 KOHM, 63 mW in C:\Users\cruziv1\Documents\archivos altium\PULSERA_V3\PUL_V3_RA\MCU.SchDoc with 10 KOHM, 63 mW from PULV3.SchLib
Replace Part R23 10 KOHM, 63 mW in C:\Users\cruziv1\Documents\archivos altium\PULSERA_V3\PUL_V3_RA\MCU.SchDoc with 10 KOHM, 63 mW from PULV3.SchLib
Replace Part R24 0R0, 250mW in C:\Users\cruziv1\Documents\archivos altium\PULSERA_V3\PUL_V3_RA\MCU.SchDoc with 0R0, 250mW from PULV3.SchLib
Replace Part R25 0R0, 250mW in C:\Users\cruziv1\Documents\archivos altium\PULSERA_V3\PUL_V3_RA\MCU.SchDoc with 0R0, 250mW from PULV3.SchLib
Replace Part R26 10 KOHM, 63 mW in C:\Users\cruziv1\Documents\archivos altium\PULSERA_V3\PUL_V3_RA\MCU.SchDoc with 10 KOHM, 63 mW from PULV3.SchLib
Replace Part R27 0R0, 250mW in C:\Users\cruziv1\Documents\archivos altium\PULSERA_V3\PUL_V3_RA\MCU.SchDoc with 0R0, 250mW from PULV3.SchLib
Replace Part R28 750R0, 63mW in C:\Users\cruziv1\Documents\archivos altium\PULSERA_V3\PUL_V3_RA\MCU.SchDoc with 750R0, 63mW from PULV3.SchLib
Replace Part R29 750R0, 63mW in C:\Users\cruziv1\Documents\archivos altium\PULSERA_V3\PUL_V3_RA\MCU.SchDoc with 750R0, 63mW from PULV3.SchLib
Replace Part S20 PGB1010402 in C:\Users\cruziv1\Documents\archivos altium\PULSERA_V3\PUL_V3_RA\MCU.SchDoc with PGB1010402 from PULV3.SchLib
Replace Part SW20 Push Buttom-SMD in C:\Users\cruziv1\Documents\archivos altium\PULSERA_V3\PUL_V3_RA\MCU.SchDoc with Push Buttom-SMD from PULV3.SchLib
Replace Part SW21 SW-bottom in C:\Users\cruziv1\Documents\archivos altium\PULSERA_V3\PUL_V3_RA\MCU.SchDoc with SW-bottom from PULV3.SchLib
Replace Part U20 RAK4260 in C:\Users\cruziv1\Documents\archivos altium\PULSERA_V3\PUL_V3_RA\MCU.SchDoc with RAK4260 from PULV3.SchLib
Replace Part X20 SMACONNECTOR_UFL in C:\Users\cruziv1\Documents\archivos altium\PULSERA_V3\PUL_V3_RA\MCU.SchDoc with SMACONNECTOR_UFL from PULV3.SchLib
