Change Component Designator: Old Designator=C20 New Designator=C?
Change Component Designator: Old Designator=C23 New Designator=C?
Change Component Designator: Old Designator=C24 New Designator=C?
Change Component Designator: Old Designator=CR20 New Designator=CR?
Change Component Designator: Old Designator=CR21 New Designator=CR?
Change Component Designator: Old Designator=J20 New Designator=J?
Change Component Designator: Old Designator=R20 New Designator=R?
Change Component Designator: Old Designator=R21 New Designator=R?
Change Component Designator: Old Designator=R22 New Designator=R?
Change Component Designator: Old Designator=R23 New Designator=R?
Change Component Designator: Old Designator=R24 New Designator=R?
Change Component Designator: Old Designator=R25 New Designator=R?
Change Component Designator: Old Designator=R26 New Designator=R?
Change Component Designator: Old Designator=R27 New Designator=R?
Change Component Designator: Old Designator=R28 New Designator=R?
Change Component Designator: Old Designator=R29 New Designator=R?
Change Component Designator: Old Designator=R30 New Designator=R?
Change Component Designator: Old Designator=R31 New Designator=R?
Change Component Designator: Old Designator=S20 New Designator=S?
Change Component Designator: Old Designator=SW20 New Designator=SW?
Change Component Designator: Old Designator=SW21 New Designator=SW?
Change Component Designator: Old Designator=U20 New Designator=U?
Change Component Designator: Old Designator=X20 New Designator=X?
