Removed Pin From Net: NetName=3V3 Pin=C16-1
Removed Pin From Net: NetName=GND Pin=C16-2
Removed Pin From Net: NetName=GND Pin=U30-GND
Removed Pin From Net: NetName=GND Pin=U30-GND
Removed Pin From Net: NetName=GND Pin=U30-GND
Removed Pin From Net: NetName=GND Pin=U30-GND
Removed Pin From Net: NetName=GND Pin=U30-GND
Removed Pin From Net: NetName=GND Pin=U30-GND
Removed Pin From Net: NetName=GND Pin=U30-GND
Removed Pin From Net: NetName=GND Pin=U30-GND
Removed Pin From Net: NetName=GND Pin=U30-GND
Change Component DesignItemId : Designator=C17 Old DesignItemId=100nF, 50v New DesignItemId=100 nF, 10 V
Change Component DesignItemId : Designator=C18 Old DesignItemId=100nF, 50v New DesignItemId=100 nF, 10 V
Change Component Comment : Designator=C17 Old Comment=C1005X5R1H104K050BB New Comment=100 nF, 10 V
Change Component Comment : Designator=C18 Old Comment=C1005X5R1H104K050BB New Comment=100 nF, 10 V
Change Component Library : Designator=C17 Old Library=PUL_V2_RA.SCHLIB New Library=PULV3.SchLib
Change Component Library : Designator=C18 Old Library=PUL_V2_RA.SCHLIB New Library=PULV3.SchLib
Added Component: Designator=C?(C0603_P)
Added Pin To Net: NetName=3V3 Pin=C?-1
Added Pin To Net: NetName=GND Pin=C?-2
Added Member To Class: ClassName=S1 Member=Component C? F981A106MMA
Added Room: Name=S1
Added Room: Name=S2
Added Room: Name=S5
