Removed Pin From Net: NetName=VBAT Pin=P10-1
Removed Pin From Net: NetName=GND Pin=P10-2
Removed Pin From Net: NetName=PUSH Pin=R26-1
Removed Pin From Net: NetName=3V3 Pin=R26-2
Removed Pin From Net: NetName=3V3 Pin=R27-1
Removed Pin From Net: NetName=NetC22_1 Pin=R27-2
Change Component DesignItemId : Designator=R26 Old DesignItemId=10 KOHM, 63 mW New DesignItemId=0R0
Change Component Comment : Designator=R26 Old Comment=CRCW040210K0FKTD New Comment=PANASONIC ELECTRONIC COMPONENTS
Change Component Designator: OldDesignator=C10 NewDesignator=C?
Change Component Designator: OldDesignator=C11 NewDesignator=C?
Change Component Designator: OldDesignator=C12 NewDesignator=C?
Change Component Designator: OldDesignator=C13 NewDesignator=C?
Change Component Designator: OldDesignator=C14 NewDesignator=C?
Change Component Designator: OldDesignator=C15 NewDesignator=C?
Change Component Designator: OldDesignator=C16 NewDesignator=C?
Change Component Designator: OldDesignator=C17 NewDesignator=C?
Change Component Designator: OldDesignator=C18 NewDesignator=C?
Change Component Designator: OldDesignator=C30 NewDesignator=C?
Change Component Designator: OldDesignator=CR10 NewDesignator=CR?
Change Component Designator: OldDesignator=CR11 NewDesignator=CR?
Change Component Designator: OldDesignator=D10 NewDesignator=D?
Change Component Designator: OldDesignator=J10 NewDesignator=J?
Change Component Designator: OldDesignator=P11 NewDesignator=P?
Change Component Designator: OldDesignator=R10 NewDesignator=R?
Change Component Designator: OldDesignator=R11 NewDesignator=R?
Change Component Designator: OldDesignator=R12 NewDesignator=R?
Change Component Designator: OldDesignator=R28 NewDesignator=R30
Change Component Designator: OldDesignator=R29 NewDesignator=R31
Change Component Designator: OldDesignator=R30 NewDesignator=R?
Change Component Designator: OldDesignator=R31 NewDesignator=R?
Change Component Designator: OldDesignator=R32 NewDesignator=R?
Change Component Designator: OldDesignator=R33 NewDesignator=R?
Change Component Designator: OldDesignator=R34 NewDesignator=R?
Change Component Designator: OldDesignator=R35 NewDesignator=R?
Change Component Designator: OldDesignator=R36 NewDesignator=R?
Change Component Designator: OldDesignator=R37 NewDesignator=R?
Change Component Designator: OldDesignator=R38 NewDesignator=R?
Change Component Designator: OldDesignator=SW30 NewDesignator=SW?
Change Component Designator: OldDesignator=U10 NewDesignator=U?
Change Component Designator: OldDesignator=U11 NewDesignator=U?
Change Component Designator: OldDesignator=U30 NewDesignator=U?
Change Component Designator: OldDesignator=X30 NewDesignator=X?
Added Component: Designator=C50(C0603)
Added Component: Designator=P?(HDR1X2)
Added Component: Designator=R28(0402_RES)
Added Component: Designator=R29(0402_RES)
Added Component: Designator=R50(0402_RES)
Added Component: Designator=R51(RESC0603)
Added Component: Designator=U50(RN4871-I/RM140)
Added Pin To Net: NetName=GND Pin=C50-2
Added Pin To Net: NetName=VBAT Pin=P?-1
Added Pin To Net: NetName=GND Pin=P?-2
Added Pin To Net: NetName=PUSH Pin=R26-1
Added Pin To Net: NetName=3V3 Pin=R26-2
Added Pin To Net: NetName=3V3 Pin=R27-1
Added Pin To Net: NetName=NetC22_1 Pin=R27-2
Added Pin To Net: NetName=3V3 Pin=R50-2
Added Pin To Net: NetName=3V3 Pin=R51-1
Added Pin To Net: NetName=GND Pin=U50-2
Added Pin To Net: NetName=GND Pin=U50-13
Change Net Name : Old Net Name=NetC30_1 New Net Name=NetC?_1
Change Net Name : Old Net Name=NetCR10_K New Net Name=NetCR?_K
Change Net Name : Old Net Name=NetCR11_A New Net Name=NetCR?_A
Change Net Name : Old Net Name=NetP11_2 New Net Name=NetP?_2
Change Net Name : Old Net Name=NetR10_2 New Net Name=NetR?_2
Change Net Name : Old Net Name=NetR11_1 New Net Name=NetR?_1
Change Net Name : Old Net Name=NetR30_2 New Net Name=NetR?_2
Change Net Name : Old Net Name=NetR32_1 New Net Name=NetR?_1
Change Net Name : Old Net Name=NetR33_2 New Net Name=NetR?_2
Change Net Name : Old Net Name=NetR35_1 New Net Name=NetR?_1
Change Net Name : Old Net Name=NetR36_1 New Net Name=NetR?_1
Change Net Name : Old Net Name=NetR37_2 New Net Name=NetR?_2
Change Net Name : Old Net Name=NetR38_2 New Net Name=NetR?_2
Added Pin To Net: NetName=NetC50_1 Pin=C50-1
Added Pin To Net: NetName=NetC50_1 Pin=R51-2
Added Pin To Net: NetName=NetC50_1 Pin=U20-9
Added Pin To Net: NetName=NetC50_1 Pin=U50-10
Added Net: Name=NetC50_1
Added Pin To Net: NetName=NetR26_1 Pin=R26-1
Added Pin To Net: NetName=NetR26_1 Pin=U20-33
Added Net: Name=NetR26_1
Added Pin To Net: NetName=NetR27_1 Pin=R27-1
Added Pin To Net: NetName=NetR27_1 Pin=U20-32
Added Net: Name=NetR27_1
Added Pin To Net: NetName=NetR50_1 Pin=R50-1
Added Pin To Net: NetName=NetR50_1 Pin=U50-14
Added Net: Name=NetR50_1
Added Pin To Net: NetName=P2_0 Pin=U20-4
Added Pin To Net: NetName=P2_0 Pin=U50-16
Added Net: Name=P2_0
Added Pin To Net: NetName=RX Pin=R27-2
Added Pin To Net: NetName=RX Pin=U50-7
Added Net: Name=RX
Added Pin To Net: NetName=TX Pin=R26-2
Added Pin To Net: NetName=TX Pin=U50-8
Added Net: Name=TX
Change Class Name : Old Net Name=S5 New Net Name=S3
Added Class: Name=S4
Added Member To Class: ClassName=S2 Member=Component C20 100 nF, 10 V
Added Member To Class: ClassName=S2 Member=Component C23 100 nF, 10 V
Added Member To Class: ClassName=S2 Member=Component CR21 SML-P11VTT86R
Added Member To Class: ClassName=S2 Member=Component J20 ICSP
Added Member To Class: ClassName=S1 Member=Component P? header
Added Member To Class: ClassName=S2 Member=Component R20 CRCW040210K0FKTD
Added Member To Class: ClassName=S2 Member=Component R21 CRCW040210K0FKTD
Added Member To Class: ClassName=S2 Member=Component R22 CRCW040210K0FKTD
Added Member To Class: ClassName=S2 Member=Component R23 CRCW040210K0FKTD
Added Member To Class: ClassName=S2 Member=Component R24 PANASONIC ELECTRONIC COMPONENTS
Added Member To Class: ClassName=S2 Member=Component R25 PANASONIC ELECTRONIC COMPONENTS
Added Member To Class: ClassName=S2 Member=Component R26 PANASONIC ELECTRONIC COMPONENTS
Added Member To Class: ClassName=S2 Member=Component R30 ERJ-2GEJ751X
Added Member To Class: ClassName=S2 Member=Component R31 ERJ-2GEJ751X
Added Member To Class: ClassName=S2 Member=Component SW20 EVQ-P6LB55
