Added Component: Designator=C10(C0603)
Added Component: Designator=C11(0805-C)
Added Component: Designator=C12(0805-C)
Added Component: Designator=C13(C1210)
Added Component: Designator=C14(C0603)
Added Component: Designator=C15(C0603)
Added Component: Designator=C16(C0603_P)
Added Component: Designator=C17(C0402)
Added Component: Designator=C18(C0402)
Added Component: Designator=C20(C0402)
Added Component: Designator=C21(C0402)
Added Component: Designator=C22(C0402)
Added Component: Designator=C23(C0402)
Added Component: Designator=C30(C0402)
Added Component: Designator=CR10(0805-LED_ORA)
Added Component: Designator=CR11(0805-LED_GRE)
Added Component: Designator=CR20(0402-LED_GRE)
Added Component: Designator=CR21(0402-LED_RED)
Added Component: Designator=D10(SOD-123)
Added Component: Designator=J10(TYCO_19815681N)
Added Component: Designator=P10(HDR1X2)
Added Component: Designator=P11(JUMPER2.54)
Added Component: Designator=R10(0805-R)
Added Component: Designator=R11(0805-R)
Added Component: Designator=R12(0805-R)
Added Component: Designator=R20(0402_RES)
Added Component: Designator=R21(FERRITE)
Added Component: Designator=R22(FERRITE)
Added Component: Designator=R23(FERRITE)
Added Component: Designator=R24(0402_RES)
Added Component: Designator=R25(0402_RES)
Added Component: Designator=R30(0402_RES)
Added Component: Designator=R31(0402_RES)
Added Component: Designator=R32(0402_RES)
Added Component: Designator=R33(0402_RES)
Added Component: Designator=R34(0402_RES)
Added Component: Designator=R35(0402_RES)
Added Component: Designator=R36(0402_RES)
Added Component: Designator=R37(0402_RES)
Added Component: Designator=R38(0402_RES)
Added Component: Designator=S20(Supresor_0402)
Added Component: Designator=SW20(Push Button SMD)
Added Component: Designator=SW30(Push Button SMD)
Added Component: Designator=U10(SOT23-5)
Added Component: Designator=U11(SOT230P700X180-4AN)
Added Component: Designator=U20(RAK4260)
Added Component: Designator=U30(GPS)
Added Component: Designator=X20(U.FL)
Added Component: Designator=X30(U.FL)
Added Pin To Net: NetName=1V8 Pin=R30-1
Added Pin To Net: NetName=1V8 Pin=R35-2
Added Pin To Net: NetName=1V8 Pin=R36-2
Added Pin To Net: NetName=1V8 Pin=U30-2
Added Net: Name=1V8
Added Pin To Net: NetName=3V3 Pin=C16-1
Added Pin To Net: NetName=3V3 Pin=C17-1
Added Pin To Net: NetName=3V3 Pin=C18-1
Added Pin To Net: NetName=3V3 Pin=U11-2
Added Pin To Net: NetName=3V3 Pin=U11-4
Added Net: Name=3V3
Added Pin To Net: NetName=GND Pin=C10-2
Added Pin To Net: NetName=GND Pin=C11-2
Added Pin To Net: NetName=GND Pin=C12-2
Added Pin To Net: NetName=GND Pin=C13-2
Added Pin To Net: NetName=GND Pin=C14-2
Added Pin To Net: NetName=GND Pin=C15-2
Added Pin To Net: NetName=GND Pin=C16-2
Added Pin To Net: NetName=GND Pin=C17-2
Added Pin To Net: NetName=GND Pin=C18-2
Added Pin To Net: NetName=GND Pin=C20-2
Added Pin To Net: NetName=GND Pin=C22-2
Added Pin To Net: NetName=GND Pin=C23-2
Added Pin To Net: NetName=GND Pin=C30-2
Added Pin To Net: NetName=GND Pin=CR11-K
Added Pin To Net: NetName=GND Pin=D10-A
Added Pin To Net: NetName=GND Pin=J10-5
Added Pin To Net: NetName=GND Pin=J10-6
Added Pin To Net: NetName=GND Pin=J10-7
Added Pin To Net: NetName=GND Pin=J10-8
Added Pin To Net: NetName=GND Pin=J10-9
Added Pin To Net: NetName=GND Pin=J10-10
Added Pin To Net: NetName=GND Pin=J10-11
Added Pin To Net: NetName=GND Pin=P10-2
Added Pin To Net: NetName=GND Pin=R11-2
Added Pin To Net: NetName=GND Pin=R24-1
Added Pin To Net: NetName=GND Pin=R25-2
Added Pin To Net: NetName=GND Pin=R33-1
Added Pin To Net: NetName=GND Pin=R34-1
Added Pin To Net: NetName=GND Pin=R38-1
Added Pin To Net: NetName=GND Pin=S20-2
Added Pin To Net: NetName=GND Pin=SW20-2
Added Pin To Net: NetName=GND Pin=SW20-2
Added Pin To Net: NetName=GND Pin=SW30-2
Added Pin To Net: NetName=GND Pin=SW30-2
Added Pin To Net: NetName=GND Pin=U10-2
Added Pin To Net: NetName=GND Pin=U11-1
Added Pin To Net: NetName=GND Pin=U30-7
Added Pin To Net: NetName=GND Pin=U30-8
Added Pin To Net: NetName=GND Pin=U30-10
Added Pin To Net: NetName=GND Pin=X20-1
Added Pin To Net: NetName=GND Pin=X20-2
Added Pin To Net: NetName=GND Pin=X30-1
Added Pin To Net: NetName=GND Pin=X30-2
Added Net: Name=GND
Added Pin To Net: NetName=LED1 Pin=CR20-A
Added Pin To Net: NetName=LED1 Pin=U20-16
Added Net: Name=LED1
Added Pin To Net: NetName=LED2 Pin=CR21-A
Added Pin To Net: NetName=LED2 Pin=U20-15
Added Net: Name=LED2
Added Pin To Net: NetName=NetC20_1 Pin=C20-1
Added Pin To Net: NetName=NetC20_1 Pin=R20-1
Added Pin To Net: NetName=NetC20_1 Pin=SW20-1
Added Pin To Net: NetName=NetC20_1 Pin=SW20-1
Added Pin To Net: NetName=NetC20_1 Pin=U20-29
Added Net: Name=NetC20_1
Added Pin To Net: NetName=NetC21_1 Pin=C21-1
Added Pin To Net: NetName=NetC21_1 Pin=S20-1
Added Pin To Net: NetName=NetC21_1 Pin=X20-3
Added Net: Name=NetC21_1
Added Pin To Net: NetName=NetC21_2 Pin=C21-2
Added Pin To Net: NetName=NetC21_2 Pin=U20-2
Added Net: Name=NetC21_2
Added Pin To Net: NetName=NetC22_1 Pin=C22-1
Added Pin To Net: NetName=NetC22_1 Pin=C23-1
Added Pin To Net: NetName=NetC22_1 Pin=R23-2
Added Pin To Net: NetName=NetC22_1 Pin=U20-11
Added Pin To Net: NetName=NetC22_1 Pin=U20-12
Added Net: Name=NetC22_1
Added Pin To Net: NetName=NetC30_1 Pin=C30-1
Added Pin To Net: NetName=NetC30_1 Pin=R31-1
Added Pin To Net: NetName=NetC30_1 Pin=SW30-1
Added Pin To Net: NetName=NetC30_1 Pin=SW30-1
Added Pin To Net: NetName=NetC30_1 Pin=U20-8
Added Pin To Net: NetName=NetC30_1 Pin=U30-22
Added Net: Name=NetC30_1
Added Pin To Net: NetName=NetCR10_K Pin=CR10-K
Added Pin To Net: NetName=NetCR10_K Pin=R10-1
Added Net: Name=NetCR10_K
Added Pin To Net: NetName=NetCR11_A Pin=CR11-A
Added Pin To Net: NetName=NetCR11_A Pin=R12-1
Added Net: Name=NetCR11_A
Added Pin To Net: NetName=NetCR20_K Pin=CR20-K
Added Pin To Net: NetName=NetCR20_K Pin=R24-2
Added Net: Name=NetCR20_K
Added Pin To Net: NetName=NetCR21_K Pin=CR21-K
Added Pin To Net: NetName=NetCR21_K Pin=R25-1
Added Net: Name=NetCR21_K
Added Pin To Net: NetName=NetP11_2 Pin=P11-2
Added Pin To Net: NetName=NetP11_2 Pin=U11-3
Added Net: Name=NetP11_2
Added Pin To Net: NetName=NetR10_2 Pin=R10-2
Added Pin To Net: NetName=NetR10_2 Pin=R12-2
Added Pin To Net: NetName=NetR10_2 Pin=U10-1
Added Net: Name=NetR10_2
Added Pin To Net: NetName=NetR11_1 Pin=R11-1
Added Pin To Net: NetName=NetR11_1 Pin=U10-5
Added Net: Name=NetR11_1
Added Pin To Net: NetName=NetR21_1 Pin=R21-1
Added Pin To Net: NetName=NetR21_1 Pin=U20-20
Added Net: Name=NetR21_1
Added Pin To Net: NetName=NetR21_2 Pin=R21-2
Added Pin To Net: NetName=NetR21_2 Pin=R34-2
Added Pin To Net: NetName=NetR21_2 Pin=U30-3
Added Net: Name=NetR21_2
Added Pin To Net: NetName=NetR22_1 Pin=R22-1
Added Pin To Net: NetName=NetR22_1 Pin=U20-19
Added Net: Name=NetR22_1
Added Pin To Net: NetName=NetR22_2 Pin=R22-2
Added Pin To Net: NetName=NetR22_2 Pin=U30-4
Added Net: Name=NetR22_2
Added Pin To Net: NetName=NetR30_2 Pin=R30-2
Added Pin To Net: NetName=NetR30_2 Pin=U30-17
Added Net: Name=NetR30_2
Added Pin To Net: NetName=NetR32_1 Pin=R32-1
Added Pin To Net: NetName=NetR32_1 Pin=U30-20
Added Net: Name=NetR32_1
Added Pin To Net: NetName=NetR33_2 Pin=R33-2
Added Pin To Net: NetName=NetR33_2 Pin=U30-5
Added Net: Name=NetR33_2
Added Pin To Net: NetName=NetR35_1 Pin=R35-1
Added Pin To Net: NetName=NetR35_1 Pin=U30-16
Added Net: Name=NetR35_1
Added Pin To Net: NetName=NetR36_1 Pin=R36-1
Added Pin To Net: NetName=NetR36_1 Pin=U30-15
Added Net: Name=NetR36_1
Added Pin To Net: NetName=NetR37_2 Pin=R37-2
Added Pin To Net: NetName=NetR37_2 Pin=U30-9
Added Net: Name=NetR37_2
Added Pin To Net: NetName=NetR38_2 Pin=R38-2
Added Pin To Net: NetName=NetR38_2 Pin=U30-11
Added Pin To Net: NetName=NetR38_2 Pin=X30-3
Added Net: Name=NetR38_2
Added Pin To Net: NetName=NetU20_6 Pin=U20-6
Added Pin To Net: NetName=NetU20_6 Pin=U30-6
Added Net: Name=NetU20_6
Added Pin To Net: NetName=NetU20_7 Pin=U20-7
Added Pin To Net: NetName=NetU20_7 Pin=U30-19
Added Net: Name=NetU20_7
Added Pin To Net: NetName=USB_5V Pin=C10-1
Added Pin To Net: NetName=USB_5V Pin=CR10-A
Added Pin To Net: NetName=USB_5V Pin=J10-1
Added Pin To Net: NetName=USB_5V Pin=U10-4
Added Net: Name=USB_5V
Added Pin To Net: NetName=VBAT Pin=C11-1
Added Pin To Net: NetName=VBAT Pin=C12-1
Added Pin To Net: NetName=VBAT Pin=C13-1
Added Pin To Net: NetName=VBAT Pin=C14-1
Added Pin To Net: NetName=VBAT Pin=C15-1
Added Pin To Net: NetName=VBAT Pin=D10-C
Added Pin To Net: NetName=VBAT Pin=P10-1
Added Pin To Net: NetName=VBAT Pin=P11-1
Added Pin To Net: NetName=VBAT Pin=U10-3
Added Net: Name=VBAT
Added Pin To Net: NetName=VCC3V3 Pin=R20-2
Added Pin To Net: NetName=VCC3V3 Pin=R23-1
Added Pin To Net: NetName=VCC3V3 Pin=R31-2
Added Pin To Net: NetName=VCC3V3 Pin=R32-2
Added Pin To Net: NetName=VCC3V3 Pin=R37-1
Added Net: Name=VCC3V3
Added Class: Name=S1
Added Class: Name=S2
Added Class: Name=S5
Added Room: Name=S1
Added Room: Name=S2
Added Room: Name=S5
