Change Component Designator: OldDesignator=R26 NewDesignator=R27
Change Component Designator: OldDesignator=R27 NewDesignator=R28
Change Component Designator: OldDesignator=R28 NewDesignator=R29
Added Component: Designator=C24(C0402)
Added Component: Designator=R26(0402_RES)
Added Component: Designator=SW21(Push Button)
Added Pin To Net: NetName=GND Pin=C24-2
Added Pin To Net: NetName=VMCU Pin=R26-2
Added Pin To Net: NetName=GND Pin=SW21-2
Added Pin To Net: NetName=GND Pin=SW21-2
Added Pin To Net: NetName=PUSH Pin=C24-1
Added Pin To Net: NetName=PUSH Pin=R26-1
Added Pin To Net: NetName=PUSH Pin=SW21-1
Added Pin To Net: NetName=PUSH Pin=SW21-1
Added Pin To Net: NetName=PUSH Pin=U20-5
Added Net: Name=PUSH
Added Member To Class: ClassName=S2 Member=Component C24 100 nF, 10 V
Added Member To Class: ClassName=S2 Member=Component R21 CRCW040210K0FKTD
Added Member To Class: ClassName=S2 Member=Component R22 CRCW040210K0FKTD
Added Member To Class: ClassName=S2 Member=Component R23 CRCW040210K0FKTD
Added Member To Class: ClassName=S2 Member=Component R29 ERJ-2GEJ751X
Added Member To Class: ClassName=S2 Member=Component SW21 FSM4JSMATR
Added Room: Name=S1
