Removed Pin From Net: NetName=GND Pin=U?-GND
Removed Pin From Net: NetName=GND Pin=U?-GND
Removed Pin From Net: NetName=GND Pin=U?-GND
Removed Pin From Net: NetName=GND Pin=U?-GND
Removed Pin From Net: NetName=GND Pin=U?-GND
Removed Pin From Net: NetName=GND Pin=U?-GND
Removed Pin From Net: NetName=GND Pin=U?-GND
Removed Pin From Net: NetName=GND Pin=U?-GND
Removed Pin From Net: NetName=GND Pin=U?-GND
Removed Member From Class: ClassName=S3 Member=C?
Removed Member From Class: ClassName=S2 Member=R?
Removed Member From Class: ClassName=S3 Member=R?
Removed Member From Class: ClassName=S3 Member=U?
Change Component Designator: OldDesignator=C? NewDesignator=C10
Change Component Designator: OldDesignator=C? NewDesignator=C11
Change Component Designator: OldDesignator=C? NewDesignator=C12
Change Component Designator: OldDesignator=C? NewDesignator=C13
Change Component Designator: OldDesignator=C? NewDesignator=C14
Change Component Designator: OldDesignator=C? NewDesignator=C15
Change Component Designator: OldDesignator=C? NewDesignator=C16
Change Component Designator: OldDesignator=C? NewDesignator=C17
Change Component Designator: OldDesignator=C? NewDesignator=C18
Change Component Designator: OldDesignator=C? NewDesignator=C30
Change Component Designator: OldDesignator=CR? NewDesignator=CR10
Change Component Designator: OldDesignator=CR? NewDesignator=CR11
Change Component Designator: OldDesignator=D? NewDesignator=D10
Change Component Designator: OldDesignator=J? NewDesignator=J10
Change Component Designator: OldDesignator=P? NewDesignator=P10
Change Component Designator: OldDesignator=P? NewDesignator=P11
Change Component Designator: OldDesignator=R24 NewDesignator=R26
Change Component Designator: OldDesignator=R25 NewDesignator=R27
Change Component Designator: OldDesignator=R26 NewDesignator=R24
Change Component Designator: OldDesignator=R27 NewDesignator=R25
Change Component Designator: OldDesignator=R? NewDesignator=R10
Change Component Designator: OldDesignator=R? NewDesignator=R11
Change Component Designator: OldDesignator=R? NewDesignator=R12
Change Component Designator: OldDesignator=R? NewDesignator=R32
Change Component Designator: OldDesignator=R? NewDesignator=R33
Change Component Designator: OldDesignator=R? NewDesignator=R34
Change Component Designator: OldDesignator=R? NewDesignator=R35
Change Component Designator: OldDesignator=R? NewDesignator=R36
Change Component Designator: OldDesignator=R? NewDesignator=R37
Change Component Designator: OldDesignator=R? NewDesignator=R38
Change Component Designator: OldDesignator=R? NewDesignator=R39
Change Component Designator: OldDesignator=R? NewDesignator=R40
Change Component Designator: OldDesignator=SW? NewDesignator=SW30
Change Component Designator: OldDesignator=U? NewDesignator=U10
Change Component Designator: OldDesignator=U? NewDesignator=U11
Change Component Designator: OldDesignator=U? NewDesignator=U30
Change Component Designator: OldDesignator=X? NewDesignator=X30
Change Net Name : Old Net Name=NetC?_1 New Net Name=NetC30_1
Change Net Name : Old Net Name=NetCR?_A New Net Name=NetCR11_A
Change Net Name : Old Net Name=NetCR?_K New Net Name=NetCR10_K
Change Net Name : Old Net Name=NetP?_2 New Net Name=NetP11_2
Change Net Name : Old Net Name=NetR24_1 New Net Name=NetR26_1
Change Net Name : Old Net Name=NetR24_2 New Net Name=NetR26_2
Change Net Name : Old Net Name=NetR25_1 New Net Name=NetR27_1
Change Net Name : Old Net Name=NetR25_2 New Net Name=NetR27_2
Change Net Name : Old Net Name=NetR26_1 New Net Name=NetR24_1
Change Net Name : Old Net Name=NetR27_1 New Net Name=NetR25_1
Change Net Name : Old Net Name=NetR?_1 New Net Name=NetR11_1
Change Net Name : Old Net Name=NetR?_1 New Net Name=NetR34_1
Change Net Name : Old Net Name=NetR?_1 New Net Name=NetR37_1
Change Net Name : Old Net Name=NetR?_1 New Net Name=NetR38_1
Change Net Name : Old Net Name=NetR?_2 New Net Name=NetR10_2
Change Net Name : Old Net Name=NetR?_2 New Net Name=NetR32_2
Change Net Name : Old Net Name=NetR?_2 New Net Name=NetR35_2
Change Net Name : Old Net Name=NetR?_2 New Net Name=NetR39_2
Change Net Name : Old Net Name=NetR?_2 New Net Name=NetR40_2
Added Member To Class: ClassName=S1 Member=Component C10 EMK107BBJ106MA-T
Added Member To Class: ClassName=S1 Member=Component C11 08051A330JAT2A
Added Member To Class: ClassName=S1 Member=Component C12 04025A100JAT2A
Added Member To Class: ClassName=S1 Member=Component C13 C3225X6S0J107M250AC
Added Member To Class: ClassName=S1 Member=Component C14 EMK107BBJ106MA-T
Added Member To Class: ClassName=S1 Member=Component C15 EMK107BBJ106MA-T
Added Member To Class: ClassName=S1 Member=Component C17 100 nF, 10 V
Added Member To Class: ClassName=S1 Member=Component C18 100 nF, 10 V
Added Member To Class: ClassName=S3 Member=Component C30 100 nF, 10 V
Added Member To Class: ClassName=S1 Member=Component CR11 NTE30003
Added Member To Class: ClassName=S1 Member=Component P10 header
Added Member To Class: ClassName=S1 Member=Component R11 CRCW08051K00JNEB
Added Member To Class: ClassName=S1 Member=Component R12 CRCW08051K00JNEB
Added Member To Class: ClassName=S3 Member=Component R32 CRCW040210K0FKTD
Added Member To Class: ClassName=S3 Member=Component R33 CRCW040210K0FKTD
Added Member To Class: ClassName=S3 Member=Component R34 PANASONIC ELECTRONIC COMPONENTS
Added Member To Class: ClassName=S3 Member=Component R35 CRCW0402100KFKED
Added Member To Class: ClassName=S3 Member=Component R36 RC0402JR-134K7L
Added Member To Class: ClassName=S3 Member=Component R37 ERJ-2RKF2201X
Added Member To Class: ClassName=S3 Member=Component R38 ERJ-2RKF2201X
Added Member To Class: ClassName=S3 Member=Component R39 PANASONIC ELECTRONIC COMPONENTS
Added Member To Class: ClassName=S3 Member=Component R40 CRCW040210K0FKTD
Added Member To Class: ClassName=S1 Member=Component U11 TLV1117LV33DCYR
Added Member To Class: ClassName=S3 Member=Component U30 927-A2200-A
Added Room: Name=S1
Added Room: Name=S2
Added Room: Name=S3
Added Room: Name=S4
