Replace Part C10 10 uF, 16 V in C:\Users\cruziv1\Documents\archivos altium\PULSERA_V3\PUL_V3_RA\Supply.SchDoc with 10 uF, 16 V from PULV3.SchLib
Replace Part C11 33pF, 100V in C:\Users\cruziv1\Documents\archivos altium\PULSERA_V3\PUL_V3_RA\Supply.SchDoc with 33pF, 100V from PULV3.SchLib
Replace Part C12 10pF, 50V in C:\Users\cruziv1\Documents\archivos altium\PULSERA_V3\PUL_V3_RA\Supply.SchDoc with 10pF, 50V from PULV3.SchLib
Replace Part C13 100uF, 6.3V in C:\Users\cruziv1\Documents\archivos altium\PULSERA_V3\PUL_V3_RA\Supply.SchDoc with 100uF, 6.3V from PULV3.SchLib
Replace Part C14 10 uF, 16 V in C:\Users\cruziv1\Documents\archivos altium\PULSERA_V3\PUL_V3_RA\Supply.SchDoc with 10 uF, 16 V from PULV3.SchLib
Replace Part C15 10 uF, 16 V in C:\Users\cruziv1\Documents\archivos altium\PULSERA_V3\PUL_V3_RA\Supply.SchDoc with 10 uF, 16 V from PULV3.SchLib
Replace Part C17 100 nF, 10 V in C:\Users\cruziv1\Documents\archivos altium\PULSERA_V3\PUL_V3_RA\Supply.SchDoc with 100 nF, 10 V from PULV3.SchLib
Replace Part C18 100 nF, 10 V in C:\Users\cruziv1\Documents\archivos altium\PULSERA_V3\PUL_V3_RA\Supply.SchDoc with 100 nF, 10 V from PULV3.SchLib
Replace Part C? 10UF, 10V, C_TAN in C:\Users\cruziv1\Documents\archivos altium\PULSERA_V3\PUL_V3_RA\Supply.SchDoc with 10UF, 10V, C_TAN from PULV3.SchLib
Replace Part CR10 Led_Orange_0805 in C:\Users\cruziv1\Documents\archivos altium\PULSERA_V3\PUL_V3_RA\Supply.SchDoc with Led_Orange_0805 from PULV3.SchLib
Replace Part CR11 Led_Green_0805 in C:\Users\cruziv1\Documents\archivos altium\PULSERA_V3\PUL_V3_RA\Supply.SchDoc with Led_Green_0805 from PULV3.SchLib
Replace Part D10 Diode_Zener in C:\Users\cruziv1\Documents\archivos altium\PULSERA_V3\PUL_V3_RA\Supply.SchDoc with Diode_Zener from PULV3.SchLib
Replace Part J10 USB in C:\Users\cruziv1\Documents\archivos altium\PULSERA_V3\PUL_V3_RA\Supply.SchDoc with USB from PULV3.SchLib
Replace Part P10 header in C:\Users\cruziv1\Documents\archivos altium\PULSERA_V3\PUL_V3_RA\Supply.SchDoc with header from PULV3.SchLib
Replace Part P11 JUMPER in C:\Users\cruziv1\Documents\archivos altium\PULSERA_V3\PUL_V3_RA\Supply.SchDoc with JUMPER from PULV3.SchLib
Replace Part R10 470R0, 125mW in C:\Users\cruziv1\Documents\archivos altium\PULSERA_V3\PUL_V3_RA\Supply.SchDoc with 470R0, 125mW from PULV3.SchLib
Replace Part R11 1K0, 125mW in C:\Users\cruziv1\Documents\archivos altium\PULSERA_V3\PUL_V3_RA\Supply.SchDoc with 1K0, 125mW from PULV3.SchLib
Replace Part R12 1K0, 125mW in C:\Users\cruziv1\Documents\archivos altium\PULSERA_V3\PUL_V3_RA\Supply.SchDoc with 1K0, 125mW from PULV3.SchLib
Replace Part U10 MCP73831/2 in C:\Users\cruziv1\Documents\archivos altium\PULSERA_V3\PUL_V3_RA\Supply.SchDoc with MCP73831/2 from PULV3.SchLib
Replace Part U11 IC,LDO,3V3,1A,TLV1117LV in C:\Users\cruziv1\Documents\archivos altium\PULSERA_V3\PUL_V3_RA\Supply.SchDoc with IC,LDO,3V3,1A,TLV1117LV from PULV3.SchLib
